<?xml version="1.0" encoding="UTF-8"?>
<ns2:test-suite xmlns:ns2="urn:model.allure.qatools.yandex.ru" start="1509526004552" stop="1509526010335">
	<name>CRUD check for computers grid</name>
	<title>CRUD check for computers grid</title>
	<test-cases>
		<test-case start="1509526004554" stop="1509526010334" status="failed">
			<name>Create, find and delete one computer</name>
			<title>Create, find and delete one computer</title>
			<description></description>
			<labels>
			</labels>
			<parameters>
			</parameters>
			<steps>
				<step start="1509526004556" stop="1509526004562" status="passed">
					<name>I get to the main page</name>
					<title>I get to the main page</title>
					<attachments>
					</attachments>
					<steps>
					</steps>
				</step>
				<step start="1509526004562" stop="1509526004575" status="passed">
					<name>I have opened page &apos;Create New Computer&apos;</name>
					<title>I have opened page &apos;Create New Computer&apos;</title>
					<attachments>
					</attachments>
					<steps>
					</steps>
				</step>
				<step start="1509526004575" stop="1509526007842" status="passed">
					<name>I input and submit computer values:</name>
					<title>I input and submit computer values:</title>
					<attachments>
						<attachment title="Step: &quot;I input and submit computer values:&quot; dataTable" source="ae9fc5ef-3fb6-439d-909d-5b8aca1a8d28-attachment.txt" type="text/plain" size="136"/>
					</attachments>
					<steps>
					</steps>
				</step>
				<step start="1509526007842" stop="1509526007910" status="passed">
					<name>Alert message &quot;Done! Computer Cray Jaguar has been created&quot; appeared</name>
					<title>Alert message &quot;Done! Computer Cray Jaguar has been created&quot; appeared</title>
					<attachments>
					</attachments>
					<steps>
					</steps>
				</step>
				<step start="1509526007910" stop="1509526008277" status="passed">
					<name>I searched computer in grid by &quot;Cray Jaguar&quot; name</name>
					<title>I searched computer in grid by &quot;Cray Jaguar&quot; name</title>
					<attachments>
					</attachments>
					<steps>
					</steps>
				</step>
				<step start="1509526008277" stop="1509526008335" status="passed">
					<name>I check that computer with &quot;Cray Jaguar&quot; name displayed</name>
					<title>I check that computer with &quot;Cray Jaguar&quot; name displayed</title>
					<attachments>
					</attachments>
					<steps>
					</steps>
				</step>
				<step start="1509526008335" stop="1509526008576" status="passed">
					<name>I opened &quot;1&quot; result in grid</name>
					<title>I opened &quot;1&quot; result in grid</title>
					<attachments>
					</attachments>
					<steps>
					</steps>
				</step>
				<step start="1509526008576" stop="1509526008753" status="passed">
					<name>I clear computer values</name>
					<title>I clear computer values</title>
					<attachments>
					</attachments>
					<steps>
					</steps>
				</step>
				<step start="1509526008753" stop="1509526009382" status="passed">
					<name>I input and submit computer values:</name>
					<title>I input and submit computer values:</title>
					<attachments>
						<attachment title="Step: &quot;I input and submit computer values:&quot; dataTable" source="5fa75be9-e351-4b67-91a9-b842a54c5af6-attachment.txt" type="text/plain" size="130"/>
					</attachments>
					<steps>
					</steps>
				</step>
				<step start="1509526009383" stop="1509526009428" status="passed">
					<name>Alert message &quot;Done! Computer Cray XT5 has been updated&quot; appeared</name>
					<title>Alert message &quot;Done! Computer Cray XT5 has been updated&quot; appeared</title>
					<attachments>
					</attachments>
					<steps>
					</steps>
				</step>
				<step start="1509526009428" stop="1509526009694" status="passed">
					<name>I searched computer in grid by &quot;Cray XT5&quot; name</name>
					<title>I searched computer in grid by &quot;Cray XT5&quot; name</title>
					<attachments>
					</attachments>
					<steps>
					</steps>
				</step>
				<step start="1509526009694" stop="1509526009732" status="passed">
					<name>I check that computer with &quot;Cray XT5&quot; name displayed</name>
					<title>I check that computer with &quot;Cray XT5&quot; name displayed</title>
					<attachments>
					</attachments>
					<steps>
					</steps>
				</step>
				<step start="1509526009732" stop="1509526009951" status="passed">
					<name>I opened &quot;1&quot; result in grid</name>
					<title>I opened &quot;1&quot; result in grid</title>
					<attachments>
					</attachments>
					<steps>
					</steps>
				</step>
				<step start="1509526009952" stop="1509526010294" status="passed">
					<name>I delete computer</name>
					<title>I delete computer</title>
					<attachments>
					</attachments>
					<steps>
					</steps>
				</step>
				<step start="1509526010294" stop="1509526010333" status="failed">
					<name>Alert message &quot;Done! 1Computer has been deleted&quot; appeared</name>
					<title>Alert message &quot;Done! 1Computer has been deleted&quot; appeared</title>
					<attachments>
					</attachments>
					<steps>
					</steps>
				</step>
			</steps>
			<attachments>
			</attachments>
			<failure>
				<message>expected &apos;Done! Computer has been deleted&apos; to include &apos;Done! 1Computer has been deleted&apos;</message>
				<stack-trace>AssertionError: expected &apos;Done! Computer has been deleted&apos; to include &apos;Done! 1Computer has been deleted&apos;
    at main_page.alertMessagesText.getText.then (C:\Users\i.klymchuk\WebstormProjects\protractor\comp_db\features\step_definitions\fullStep.js:21:36)
    at elementArrayFinder_.then (C:\Users\i.klymchuk\AppData\Roaming\npm\node_modules\protractor\lib\element.ts:840:22)
    at ManagedPromise.invokeCallback_ (C:\Users\i.klymchuk\AppData\Roaming\npm\node_modules\protractor\node_modules\selenium-webdriver\lib\promise.js:1366:14)
    at TaskQueue.execute_ (C:\Users\i.klymchuk\AppData\Roaming\npm\node_modules\protractor\node_modules\selenium-webdriver\lib\promise.js:2970:14)
    at TaskQueue.executeNext_ (C:\Users\i.klymchuk\AppData\Roaming\npm\node_modules\protractor\node_modules\selenium-webdriver\lib\promise.js:2953:27)
    at asyncRun (C:\Users\i.klymchuk\AppData\Roaming\npm\node_modules\protractor\node_modules\selenium-webdriver\lib\promise.js:2813:27)
    at C:\Users\i.klymchuk\AppData\Roaming\npm\node_modules\protractor\node_modules\selenium-webdriver\lib\promise.js:676:7
    at &lt;anonymous&gt;
    at process._tickCallback (internal/process/next_tick.js:188:7)</stack-trace>
			</failure>
		</test-case>
	</test-cases>
</ns2:test-suite>