<?xml version="1.0" encoding="UTF-8"?>
<ns2:test-suite xmlns:ns2="urn:model.allure.qatools.yandex.ru" start="1509461340338" stop="1509461345831">
	<name>CRUD check for computers grid</name>
	<title>CRUD check for computers grid</title>
	<test-cases>
		<test-case start="1509461340340" stop="1509461345829" status="failed">
			<name>Create, find and delete one computer</name>
			<title>Create, find and delete one computer</title>
			<description></description>
			<labels>
			</labels>
			<parameters>
			</parameters>
			<steps>
				<step start="1509461340342" stop="1509461340347" status="passed">
					<name>I get to the main page</name>
					<title>I get to the main page</title>
					<attachments>
					</attachments>
					<steps>
					</steps>
				</step>
				<step start="1509461340348" stop="1509461340359" status="passed">
					<name>I have opened page &apos;Create New Computer&apos;</name>
					<title>I have opened page &apos;Create New Computer&apos;</title>
					<attachments>
					</attachments>
					<steps>
					</steps>
				</step>
				<step start="1509461340359" stop="1509461343424" status="passed">
					<name>I input and submit computer values:</name>
					<title>I input and submit computer values:</title>
					<attachments>
						<attachment title="Step: &quot;I input and submit computer values:&quot; dataTable" source="3e64466f-836a-43d4-b8bd-b37a3b65040b-attachment.txt" type="text/plain" size="136"/>
					</attachments>
					<steps>
					</steps>
				</step>
				<step start="1509461343425" stop="1509461343479" status="passed">
					<name>Alert message &quot;Done! Computer Cray Jaguar has been created&quot; appeared</name>
					<title>Alert message &quot;Done! Computer Cray Jaguar has been created&quot; appeared</title>
					<attachments>
					</attachments>
					<steps>
					</steps>
				</step>
				<step start="1509461343479" stop="1509461343808" status="passed">
					<name>I searched computer in grid by &quot;Cray Jaguar&quot; name</name>
					<title>I searched computer in grid by &quot;Cray Jaguar&quot; name</title>
					<attachments>
					</attachments>
					<steps>
					</steps>
				</step>
				<step start="1509461343808" stop="1509461343855" status="passed">
					<name>I check that computer with &quot;Cray Jaguar&quot; name displayed</name>
					<title>I check that computer with &quot;Cray Jaguar&quot; name displayed</title>
					<attachments>
					</attachments>
					<steps>
					</steps>
				</step>
				<step start="1509461343856" stop="1509461344098" status="passed">
					<name>I opened &quot;1&quot; result in grid</name>
					<title>I opened &quot;1&quot; result in grid</title>
					<attachments>
					</attachments>
					<steps>
					</steps>
				</step>
				<step start="1509461344098" stop="1509461344262" status="passed">
					<name>I clear computer values</name>
					<title>I clear computer values</title>
					<attachments>
					</attachments>
					<steps>
					</steps>
				</step>
				<step start="1509461344262" stop="1509461344884" status="passed">
					<name>I input and submit computer values:</name>
					<title>I input and submit computer values:</title>
					<attachments>
						<attachment title="Step: &quot;I input and submit computer values:&quot; dataTable" source="1d39b92a-6e1d-4b83-9f41-7133b91d43d6-attachment.txt" type="text/plain" size="130"/>
					</attachments>
					<steps>
					</steps>
				</step>
				<step start="1509461344885" stop="1509461344925" status="passed">
					<name>Alert message &quot;Done! Computer Cray XT5 has been updated&quot; appeared</name>
					<title>Alert message &quot;Done! Computer Cray XT5 has been updated&quot; appeared</title>
					<attachments>
					</attachments>
					<steps>
					</steps>
				</step>
				<step start="1509461344925" stop="1509461345194" status="passed">
					<name>I searched computer in grid by &quot;Cray XT5&quot; name</name>
					<title>I searched computer in grid by &quot;Cray XT5&quot; name</title>
					<attachments>
					</attachments>
					<steps>
					</steps>
				</step>
				<step start="1509461345195" stop="1509461345228" status="passed">
					<name>I check that computer with &quot;Cray XT5&quot; name displayed</name>
					<title>I check that computer with &quot;Cray XT5&quot; name displayed</title>
					<attachments>
					</attachments>
					<steps>
					</steps>
				</step>
				<step start="1509461345228" stop="1509461345445" status="passed">
					<name>I opened &quot;1&quot; result in grid</name>
					<title>I opened &quot;1&quot; result in grid</title>
					<attachments>
					</attachments>
					<steps>
					</steps>
				</step>
				<step start="1509461345445" stop="1509461345789" status="passed">
					<name>I delete computer</name>
					<title>I delete computer</title>
					<attachments>
					</attachments>
					<steps>
					</steps>
				</step>
				<step start="1509461345789" stop="1509461345828" status="failed">
					<name>Alert message &quot;Done! 1Computer has been deleted&quot; appeared</name>
					<title>Alert message &quot;Done! 1Computer has been deleted&quot; appeared</title>
					<attachments>
					</attachments>
					<steps>
					</steps>
				</step>
			</steps>
			<attachments>
			</attachments>
			<failure>
				<message>expected &apos;Done! Computer has been deleted&apos; to include &apos;Done! 1Computer has been deleted&apos;</message>
				<stack-trace>AssertionError: expected &apos;Done! Computer has been deleted&apos; to include &apos;Done! 1Computer has been deleted&apos;
    at main_page.alertMessagesText.getText.then (C:\Users\i.klymchuk\WebstormProjects\protractor\comp_db\features\step_definitions\fullStep.js:21:36)
    at elementArrayFinder_.then (C:\Users\i.klymchuk\AppData\Roaming\npm\node_modules\protractor\lib\element.ts:840:22)
    at ManagedPromise.invokeCallback_ (C:\Users\i.klymchuk\AppData\Roaming\npm\node_modules\protractor\node_modules\selenium-webdriver\lib\promise.js:1366:14)
    at TaskQueue.execute_ (C:\Users\i.klymchuk\AppData\Roaming\npm\node_modules\protractor\node_modules\selenium-webdriver\lib\promise.js:2970:14)
    at TaskQueue.executeNext_ (C:\Users\i.klymchuk\AppData\Roaming\npm\node_modules\protractor\node_modules\selenium-webdriver\lib\promise.js:2953:27)
    at asyncRun (C:\Users\i.klymchuk\AppData\Roaming\npm\node_modules\protractor\node_modules\selenium-webdriver\lib\promise.js:2813:27)
    at C:\Users\i.klymchuk\AppData\Roaming\npm\node_modules\protractor\node_modules\selenium-webdriver\lib\promise.js:676:7
    at &lt;anonymous&gt;
    at process._tickCallback (internal/process/next_tick.js:188:7)</stack-trace>
			</failure>
		</test-case>
	</test-cases>
</ns2:test-suite>